[2017-01-08 09:15:59] START
[2017-01-08 09:16:05] CREATE db1.py: 0
[2017-01-08 09:29:14] EDIT DineWithMe/private/appconfig.ini: 1
[2017-01-08 09:31:29] EDIT DineWithMe/models/db1.py: 7
[2017-01-08 09:32:59] EDIT DineWithMe/private/appconfig.ini: 0
[2017-01-08 09:35:33] EDIT DineWithMe/models/db1.py: 6
[2017-01-08 09:36:01] EDIT DineWithMe/models/db1.py: 0
[2017-01-08 09:38:14] EDIT DineWithMe/private/appconfig.ini: 0
[2017-01-08 09:41:36] CREATE default/profile.html: 0
[2017-01-08 09:41:38] EDIT DineWithMe/views/default/profile.html: 0
[2017-01-08 09:43:12] EDIT DineWithMe/models/menu.py: 0
[2017-01-08 09:43:33] EDIT DineWithMe/models/menu.py: 1
[2017-01-08 09:43:56] EDIT DineWithMe/views/default/profile.html: 1
[2017-01-08 09:50:10] EDIT DineWithMe/controllers/default.py: 3
[2017-01-08 09:51:06] EDIT DineWithMe/models/db1.py: 0
[2017-01-08 09:57:58] EDIT DineWithMe/models/db1.py: 2
[2017-01-08 09:58:40] EDIT DineWithMe/models/db1.py: 0
[2017-01-08 09:58:43] EDIT DineWithMe/models/db1.py: 0
[2017-01-08 09:59:22] EDIT DineWithMe/views/default/profile.html: -1
[2017-01-08 10:05:10] EDIT DineWithMe/models/db1.py: 0
[2017-01-08 10:09:05] CREATE default/interests.html: 0
[2017-01-08 10:09:08] EDIT DineWithMe/views/default/interests.html: 0
[2017-01-08 10:10:06] EDIT DineWithMe/models/menu.py: 1
[2017-01-08 10:10:16] EDIT DineWithMe/models/menu.py: 0
[2017-01-08 10:10:23] EDIT DineWithMe/models/menu.py: 0
[2017-01-08 10:10:45] EDIT DineWithMe/models/menu.py: 0
[2017-01-08 10:11:05] EDIT DineWithMe/controllers/default.py: 3
[2017-01-08 10:11:19] CREATE default/interest.html: 0
[2017-01-08 10:11:28] EDIT DineWithMe/controllers/default.py: 0
[2017-01-08 10:16:21] EDIT DineWithMe/views/default/interest.html: 5
[2017-01-08 10:17:33] EDIT DineWithMe/controllers/default.py: 2
[2017-01-08 10:17:52] EDIT DineWithMe/controllers/default.py: 0
[2017-01-08 10:17:57] EDIT DineWithMe/controllers/default.py: 0
[2017-01-08 10:20:46] EDIT DineWithMe/views/default/interest.html: 2
[2017-01-08 10:21:01] EDIT DineWithMe/views/default/interest.html: 1
[2017-01-08 10:21:07] EDIT DineWithMe/views/default/interest.html: 0
[2017-01-08 10:21:14] EDIT DineWithMe/views/default/interest.html: -1
[2017-01-08 10:22:02] EDIT DineWithMe/views/default/interest.html: 0
[2017-01-08 10:22:15] EDIT DineWithMe/views/default/interest.html: 0
[2017-01-08 10:22:31] EDIT DineWithMe/views/default/interest.html: 0
[2017-01-08 10:23:57] EDIT DineWithMe/controllers/default.py: 4
[2017-01-08 10:24:44] EDIT DineWithMe/views/default/interest.html: 0
[2017-01-08 10:30:50] EDIT DineWithMe/controllers/default.py: 3
[2017-01-08 10:30:57] EDIT DineWithMe/controllers/default.py: -1
[2017-01-08 10:31:17] EDIT DineWithMe/views/default/interest.html: 1
[2017-01-08 10:31:43] EDIT DineWithMe/controllers/default.py: 1
[2017-01-08 10:32:02] EDIT DineWithMe/controllers/default.py: 0
[2017-01-08 10:32:22] EDIT DineWithMe/controllers/default.py: 0
[2017-01-08 10:34:12] EDIT DineWithMe/controllers/default.py: 6
[2017-01-08 10:34:19] EDIT DineWithMe/controllers/default.py: 0
[2017-01-08 10:34:41] EDIT DineWithMe/controllers/default.py: 0
[2017-01-08 10:35:01] EDIT DineWithMe/views/default/interest.html: 1
[2017-01-08 10:35:11] EDIT DineWithMe/views/default/interest.html: 0
[2017-01-08 10:35:17] EDIT DineWithMe/views/default/interest.html: 0
[2017-01-08 10:35:53] EDIT DineWithMe/controllers/default.py: 1
[2017-01-08 10:39:08] EDIT DineWithMe/controllers/default.py: 11
[2017-01-08 10:44:48] EDIT DineWithMe/controllers/default.py: 9
[2017-01-08 10:44:54] EDIT DineWithMe/controllers/default.py: 0
[2017-01-08 10:45:06] EDIT DineWithMe/controllers/default.py: 0
[2017-01-08 10:45:19] EDIT DineWithMe/controllers/default.py: 0
[2017-01-08 10:45:39] EDIT DineWithMe/views/default/interest.html: 2
[2017-01-08 10:45:51] EDIT DineWithMe/views/default/interest.html: 0
[2017-01-08 10:46:20] EDIT DineWithMe/controllers/default.py: 0
[2017-01-08 10:46:53] EDIT DineWithMe/controllers/default.py: -4
[2017-01-08 10:48:22] EDIT DineWithMe/models/db1.py: 0
[2017-01-08 10:49:42] EDIT DineWithMe/models/db1.py: 0
[2017-01-08 10:50:04] EDIT DineWithMe/models/db1.py: 0
[2017-01-08 10:50:18] EDIT DineWithMe/models/db1.py: 0
[2017-01-08 10:50:37] EDIT DineWithMe/models/db1.py: 0
[2017-01-08 10:50:54] EDIT DineWithMe/controllers/default.py: 0
[2017-01-08 10:55:42] EDIT DineWithMe/views/default/interest.html: 6
[2017-01-08 10:55:54] EDIT DineWithMe/controllers/default.py: 1
[2017-01-08 10:56:18] EDIT DineWithMe/controllers/default.py: 0
[2017-01-08 10:56:28] EDIT DineWithMe/controllers/default.py: 0
[2017-01-08 10:56:30] EDIT DineWithMe/controllers/default.py: 0
[2017-01-08 10:56:45] EDIT DineWithMe/views/default/interest.html: 0
[2017-01-08 10:56:51] EDIT DineWithMe/views/default/interest.html: 0
[2017-01-08 10:57:01] EDIT DineWithMe/views/default/interest.html: 0
[2017-01-08 10:57:15] EDIT DineWithMe/views/default/interest.html: 0
[2017-01-08 10:57:25] EDIT DineWithMe/views/default/interest.html: 0
[2017-01-08 10:57:36] EDIT DineWithMe/views/default/interest.html: 0
[2017-01-08 10:57:52] EDIT DineWithMe/views/default/interest.html: 0
[2017-01-08 10:59:26] EDIT DineWithMe/controllers/default.py: 2
[2017-01-08 11:00:05] EDIT DineWithMe/controllers/default.py: 4
[2017-01-08 11:01:32] EDIT DineWithMe/controllers/default.py: 3
[2017-01-08 11:02:10] EDIT DineWithMe/views/default/interest.html: 2
[2017-01-08 11:03:44] EDIT DineWithMe/controllers/default.py: 1
[2017-01-08 11:04:15] EDIT DineWithMe/controllers/default.py: 0
[2017-01-08 11:04:31] EDIT DineWithMe/controllers/default.py: 2
[2017-01-08 11:05:10] EDIT DineWithMe/controllers/default.py: 1
[2017-01-08 11:06:19] EDIT DineWithMe/controllers/default.py: 0
[2017-01-08 11:06:35] EDIT DineWithMe/controllers/default.py: 0
[2017-01-08 11:06:50] EDIT DineWithMe/controllers/default.py: -2
[2017-01-08 11:06:53] EDIT DineWithMe/controllers/default.py: -1
[2017-01-08 11:07:50] EDIT DineWithMe/controllers/default.py: 2
[2017-01-08 11:08:01] EDIT DineWithMe/controllers/default.py: 0
[2017-01-08 11:08:09] EDIT DineWithMe/controllers/default.py: 0
[2017-01-08 11:08:55] EDIT DineWithMe/controllers/default.py: 0
[2017-01-08 11:09:11] EDIT DineWithMe/controllers/default.py: 0
[2017-01-08 11:09:23] EDIT DineWithMe/controllers/default.py: 0
[2017-01-08 11:09:55] EDIT DineWithMe/controllers/default.py: 0
[2017-01-08 11:10:07] EDIT DineWithMe/controllers/default.py: 0
[2017-01-08 11:10:12] EDIT DineWithMe/controllers/default.py: 0
[2017-01-08 11:10:51] EDIT DineWithMe/controllers/default.py: 0
[2017-01-08 11:11:18] EDIT DineWithMe/controllers/default.py: 0
[2017-01-08 11:11:21] EDIT DineWithMe/controllers/default.py: -1
[2017-01-08 11:11:45] EDIT DineWithMe/controllers/default.py: -3
[2017-01-08 11:12:11] EDIT DineWithMe/controllers/default.py: 1
[2017-01-08 11:20:11] EDIT DineWithMe/views/default/profile.html: 51
[2017-01-08 11:20:21] EDIT DineWithMe/controllers/default.py: 4
[2017-01-08 11:24:43] EDIT DineWithMe/controllers/default.py: 0
[2017-01-08 11:25:09] EDIT DineWithMe/views/default/profile.html: 0
[2017-01-08 11:25:16] EDIT DineWithMe/views/default/profile.html: 0
[2017-01-08 11:25:59] EDIT DineWithMe/controllers/default.py: 0
[2017-01-08 11:26:36] EDIT DineWithMe/views/default/profile.html: 0
[2017-01-08 11:27:21] EDIT DineWithMe/views/default/profile.html: 0
[2017-01-08 11:27:45] EDIT DineWithMe/views/default/profile.html: 4
[2017-01-08 11:28:27] EDIT DineWithMe/views/default/profile.html: 2
[2017-01-08 11:28:42] EDIT DineWithMe/controllers/default.py: 1
[2017-01-08 11:29:06] EDIT DineWithMe/views/default/profile.html: 1
[2017-01-08 11:29:46] EDIT DineWithMe/controllers/default.py: 1
[2017-01-08 11:30:09] EDIT DineWithMe/views/default/profile.html: 0
[2017-01-08 11:30:16] EDIT DineWithMe/views/default/profile.html: 0
[2017-01-08 11:30:18] EDIT DineWithMe/controllers/default.py: 0
[2017-01-08 11:30:40] EDIT DineWithMe/views/default/profile.html: 0
[2017-01-08 11:31:15] EDIT DineWithMe/views/default/profile.html: -2
[2017-01-08 11:31:36] EDIT DineWithMe/controllers/default.py: 1
[2017-01-08 11:31:54] EDIT DineWithMe/views/default/profile.html: 2
[2017-01-08 11:32:02] EDIT DineWithMe/views/default/profile.html: 0
[2017-01-08 11:32:06] EDIT DineWithMe/views/default/profile.html: 0
[2017-01-08 11:32:08] EDIT DineWithMe/views/default/profile.html: 0
[2017-01-08 11:32:45] EDIT DineWithMe/views/default/profile.html: 2
[2017-01-08 11:32:55] EDIT DineWithMe/views/default/profile.html: 0
[2017-01-08 11:33:17] EDIT DineWithMe/views/default/profile.html: 0
[2017-01-08 11:33:28] EDIT DineWithMe/views/default/profile.html: 0
[2017-01-08 11:33:32] EDIT DineWithMe/views/default/profile.html: 0
[2017-01-08 11:34:25] EDIT DineWithMe/views/default/profile.html: 0
[2017-01-08 11:34:31] EDIT DineWithMe/views/default/profile.html: 0
[2017-01-08 11:34:50] EDIT DineWithMe/views/default/profile.html: 0
[2017-01-08 11:35:04] EDIT DineWithMe/views/default/profile.html: 0
[2017-01-08 11:35:18] EDIT DineWithMe/views/default/profile.html: 0
[2017-01-08 11:35:27] EDIT DineWithMe/views/default/profile.html: 0
[2017-01-08 11:35:45] EDIT DineWithMe/views/default/profile.html: 0
[2017-01-08 11:35:48] EDIT DineWithMe/views/default/profile.html: 0
[2017-01-08 11:35:57] EDIT DineWithMe/views/default/profile.html: 0
[2017-01-08 11:35:58] EDIT DineWithMe/views/default/profile.html: 0
[2017-01-08 11:36:14] EDIT DineWithMe/views/default/profile.html: 0
[2017-01-08 11:43:32] EDIT DineWithMe/controllers/default.py: 2
[2017-01-08 11:43:39] CREATE default/search.html: 0
[2017-01-08 11:44:02] EDIT DineWithMe/models/menu.py: 1
[2017-01-08 11:44:50] EDIT DineWithMe/views/layout.html: 1
[2017-01-08 11:45:42] EDIT DineWithMe/views/default/search.html: 17
[2017-01-08 11:54:32] EDIT DineWithMe/controllers/default.py: 1
[2017-01-08 11:58:07] EDIT DineWithMe/views/default/search.html: 21
[2017-01-08 12:01:44] EDIT DineWithMe/views/default/search.html: 0
[2017-01-08 12:04:50] EDIT DineWithMe/views/default/search.html: 19
[2017-01-08 12:07:05] EDIT DineWithMe/views/default/search.html: 0
[2017-01-08 12:07:31] EDIT DineWithMe/views/default/search.html: 0
[2017-01-08 12:07:41] EDIT DineWithMe/views/default/search.html: 0
[2017-01-08 12:15:24] EDIT DineWithMe/static/css/blended_layout.css: 0
[2017-01-08 12:15:52] EDIT DineWithMe/static/css/blended_layout.css: 1
[2017-01-08 12:16:56] EDIT DineWithMe/static/css/blended_layout.css: 1
[2017-01-08 12:17:05] EDIT DineWithMe/static/css/blended_layout.css: 0
[2017-01-08 12:17:14] EDIT DineWithMe/static/css/blended_layout.css: 0
[2017-01-08 12:20:07] EDIT DineWithMe/static/css/blended_layout.css: 0
[2017-01-08 12:20:20] EDIT DineWithMe/static/css/blended_layout.css: 0
[2017-01-08 12:20:36] EDIT DineWithMe/static/css/blended_layout.css: 0
[2017-01-08 12:21:26] EDIT DineWithMe/static/css/blended_layout.css: -1
[2017-01-08 12:21:38] EDIT DineWithMe/static/css/blended_layout.css: 1
[2017-01-08 12:22:15] EDIT DineWithMe/views/default/search.html: 0
[2017-01-08 12:22:59] EDIT DineWithMe/views/default/search.html: 0
[2017-01-08 12:24:03] EDIT DineWithMe/views/default/search.html: 0
[2017-01-08 12:24:30] EDIT DineWithMe/views/default/search.html: 0
[2017-01-08 12:32:09] EDIT DineWithMe/views/default/search.html: 4
[2017-01-08 12:32:41] EDIT DineWithMe/views/default/search.html: 2
[2017-01-08 12:32:56] EDIT DineWithMe/views/default/search.html: 2
[2017-01-08 12:33:09] EDIT DineWithMe/views/default/search.html: -1
[2017-01-08 12:34:23] EDIT DineWithMe/views/default/search.html: 0
[2017-01-08 12:34:41] EDIT DineWithMe/views/default/search.html: 0
[2017-01-08 12:34:54] EDIT DineWithMe/views/default/search.html: 0
[2017-01-08 12:35:29] EDIT DineWithMe/views/default/search.html: 0
[2017-01-08 12:35:54] EDIT DineWithMe/views/default/search.html: 0
[2017-01-08 12:36:32] EDIT DineWithMe/controllers/default.py: 2
[2017-01-08 13:06:10] EDIT DineWithMe/controllers/default.py: 1
[2017-01-08 13:06:32] EDIT DineWithMe/views/default/search.html: 0
[2017-01-08 13:06:49] EDIT DineWithMe/views/default/search.html: 0
[2017-01-08 13:07:28] EDIT DineWithMe/views/default/search.html: 0
[2017-01-08 13:07:45] EDIT DineWithMe/models/db.py: 0
[2017-01-08 13:14:31] EDIT DineWithMe/controllers/default.py: 1
[2017-01-08 13:14:59] EDIT DineWithMe/controllers/default.py: 1
[2017-01-08 13:15:50] EDIT DineWithMe/controllers/default.py: 2
[2017-01-08 13:16:09] EDIT DineWithMe/controllers/default.py: 1
[2017-01-08 13:16:11] EDIT DineWithMe/controllers/default.py: 0
[2017-01-08 13:16:28] EDIT DineWithMe/controllers/default.py: 0
[2017-01-08 13:16:53] EDIT DineWithMe/controllers/default.py: 0
[2017-01-08 13:18:03] EDIT DineWithMe/controllers/default.py: 0
[2017-01-08 13:18:17] EDIT DineWithMe/controllers/default.py: -2
[2017-01-08 13:18:45] EDIT DineWithMe/controllers/default.py: -3
[2017-01-08 13:18:56] EDIT DineWithMe/controllers/default.py: 3
[2017-01-08 13:22:37] EDIT DineWithMe/models/db1.py: 10
[2017-01-08 13:28:16] EDIT DineWithMe/models/db1.py: 6
[2017-01-08 13:30:00] EDIT DineWithMe/models/db1.py: 0
[2017-01-08 13:33:46] EDIT DineWithMe/models/db1.py: 0
[2017-01-08 13:41:04] EDIT DineWithMe/models/db1.py: 0
[2017-01-08 13:41:13] EDIT DineWithMe/views/default/search.html: 0
[2017-01-08 13:41:16] EDIT DineWithMe/models/db1.py: 0
[2017-01-08 13:41:19] EDIT DineWithMe/controllers/appadmin.py: 0
[2017-01-08 13:50:54] EDIT DineWithMe/controllers/default.py: 5
[2017-01-08 13:51:00] EDIT DineWithMe/controllers/default.py: 1
[2017-01-08 13:51:34] EDIT DineWithMe/controllers/default.py: 1
[2017-01-08 13:53:25] EDIT DineWithMe/controllers/default.py: 5
[2017-01-08 13:53:33] EDIT DineWithMe/controllers/default.py: 0
[2017-01-08 13:54:32] EDIT DineWithMe/controllers/default.py: 0
[2017-01-08 13:54:52] EDIT DineWithMe/controllers/default.py: 0
[2017-01-08 13:54:55] EDIT DineWithMe/controllers/default.py: 0
[2017-01-08 13:55:16] EDIT DineWithMe/views/default/search.html: 0
[2017-01-08 13:55:48] EDIT DineWithMe/controllers/default.py: 1
[2017-01-08 13:56:39] EDIT DineWithMe/controllers/default.py: 3
[2017-01-08 13:56:47] EDIT DineWithMe/controllers/default.py: 1
[2017-01-08 13:57:05] EDIT DineWithMe/controllers/default.py: 0
[2017-01-08 13:57:15] EDIT DineWithMe/controllers/default.py: 0
[2017-01-08 13:57:29] EDIT DineWithMe/controllers/default.py: 0
[2017-01-08 13:57:48] EDIT DineWithMe/controllers/default.py: 0
[2017-01-08 13:58:23] EDIT DineWithMe/controllers/default.py: -3
[2017-01-08 13:58:39] EDIT DineWithMe/controllers/default.py: 1
[2017-01-08 13:58:43] EDIT DineWithMe/controllers/default.py: 0
[2017-01-08 13:58:52] EDIT DineWithMe/controllers/default.py: 0
[2017-01-08 13:58:54] EDIT DineWithMe/controllers/default.py: 0
[2017-01-08 13:59:30] EDIT DineWithMe/controllers/default.py: 0
[2017-01-08 13:59:49] EDIT DineWithMe/controllers/default.py: 0
[2017-01-08 14:02:49] EDIT DineWithMe/controllers/default.py: 2
[2017-01-08 14:02:52] EDIT DineWithMe/controllers/default.py: 0
[2017-01-08 14:03:02] EDIT DineWithMe/controllers/default.py: 1
[2017-01-08 14:04:35] EDIT DineWithMe/controllers/default.py: 0
[2017-01-08 14:05:08] EDIT DineWithMe/controllers/default.py: 1
[2017-01-08 14:05:38] EDIT DineWithMe/controllers/default.py: 0
[2017-01-08 14:07:03] EDIT DineWithMe/controllers/default.py: 0
[2017-01-08 14:07:09] EDIT DineWithMe/controllers/default.py: 0
[2017-01-08 14:07:11] EDIT DineWithMe/controllers/default.py: 0
[2017-01-08 14:07:18] EDIT DineWithMe/controllers/default.py: 0
[2017-01-08 14:07:24] EDIT DineWithMe/controllers/default.py: 0
[2017-01-08 14:07:35] EDIT DineWithMe/controllers/default.py: 3
[2017-01-08 14:07:47] EDIT DineWithMe/controllers/default.py: 0
[2017-01-08 14:08:00] EDIT DineWithMe/controllers/default.py: 0
[2017-01-08 14:08:14] EDIT DineWithMe/controllers/default.py: 0
[2017-01-08 14:08:15] EDIT DineWithMe/controllers/default.py: 0
[2017-01-08 14:08:19] EDIT DineWithMe/controllers/default.py: 0
[2017-01-08 14:08:27] EDIT DineWithMe/controllers/default.py: 0
[2017-01-08 14:08:39] EDIT DineWithMe/controllers/default.py: 0
[2017-01-08 14:08:50] EDIT DineWithMe/controllers/default.py: 0
[2017-01-08 14:09:05] EDIT DineWithMe/controllers/default.py: 0
[2017-01-08 14:09:13] EDIT DineWithMe/controllers/default.py: 0
[2017-01-08 14:09:30] EDIT DineWithMe/controllers/default.py: 0
[2017-01-08 14:09:48] EDIT DineWithMe/controllers/default.py: 0
[2017-01-08 14:10:08] EDIT DineWithMe/controllers/default.py: 0
[2017-01-08 14:10:25] EDIT DineWithMe/controllers/default.py: 0
[2017-01-08 14:10:30] EDIT DineWithMe/controllers/default.py: 0
[2017-01-08 14:11:04] EDIT DineWithMe/controllers/default.py: 0
[2017-01-08 14:11:08] EDIT DineWithMe/controllers/default.py: 0
[2017-01-08 14:11:23] EDIT DineWithMe/controllers/default.py: 0
[2017-01-08 14:11:29] EDIT DineWithMe/controllers/default.py: 0
[2017-01-08 14:11:45] EDIT DineWithMe/controllers/default.py: 0
[2017-01-08 14:11:53] EDIT DineWithMe/controllers/default.py: 0
[2017-01-08 14:11:58] EDIT DineWithMe/controllers/default.py: 0
[2017-01-08 14:12:14] EDIT DineWithMe/controllers/default.py: 0
[2017-01-08 14:12:30] EDIT DineWithMe/controllers/default.py: 0
[2017-01-08 14:12:50] EDIT DineWithMe/controllers/default.py: 0
[2017-01-08 14:12:55] EDIT DineWithMe/controllers/default.py: 0
[2017-01-08 14:13:13] EDIT DineWithMe/controllers/default.py: 1
[2017-01-08 14:13:26] EDIT DineWithMe/controllers/default.py: 0
[2017-01-08 14:13:33] EDIT DineWithMe/controllers/default.py: 0
[2017-01-08 14:13:54] EDIT DineWithMe/controllers/default.py: -1
[2017-01-08 14:14:05] EDIT DineWithMe/controllers/default.py: 0
[2017-01-08 14:14:12] EDIT DineWithMe/controllers/default.py: 1
[2017-01-08 14:14:54] EDIT DineWithMe/controllers/default.py: 0
[2017-01-08 14:16:56] EDIT DineWithMe/views/default/search.html: 7
[2017-01-08 14:17:18] EDIT DineWithMe/views/default/search.html: 0
[2017-01-08 14:17:35] EDIT DineWithMe/views/default/search.html: 0
[2017-01-08 14:17:44] EDIT DineWithMe/views/default/search.html: 0
[2017-01-08 14:18:02] EDIT DineWithMe/views/default/search.html: 0
[2017-01-08 14:18:12] EDIT DineWithMe/views/default/search.html: 0
[2017-01-08 14:20:26] EDIT DineWithMe/views/default/search.html: 1
[2017-01-08 14:20:46] EDIT DineWithMe/views/default/search.html: 0
[2017-01-08 14:21:33] EDIT DineWithMe/views/default/search.html: 0
[2017-01-08 14:21:47] EDIT DineWithMe/views/default/search.html: 0
[2017-01-08 14:24:17] EDIT DineWithMe/views/default/search.html: 3
[2017-01-08 14:25:43] EDIT DineWithMe/views/default/search.html: 4
[2017-01-08 14:26:36] EDIT DineWithMe/views/default/search.html: 2
[2017-01-08 14:27:04] EDIT DineWithMe/views/default/search.html: 1
[2017-01-08 14:27:13] EDIT DineWithMe/views/default/search.html: 0
[2017-01-08 14:27:31] EDIT DineWithMe/views/default/search.html: -1
[2017-01-08 14:27:41] EDIT DineWithMe/views/default/search.html: 0
[2017-01-08 14:28:01] EDIT DineWithMe/views/default/search.html: 0
[2017-01-08 14:28:29] EDIT DineWithMe/static/css/blended_layout.css: 3
[2017-01-08 14:30:22] EDIT DineWithMe/views/default/search.html: 0
[2017-01-08 14:30:53] EDIT DineWithMe/static/css/blended_layout.css: 0
[2017-01-08 14:30:57] EDIT DineWithMe/static/css/blended_layout.css: 0
[2017-01-08 14:31:17] EDIT DineWithMe/views/default/search.html: 0
[2017-01-08 14:31:19] EDIT DineWithMe/views/default/search.html: 0
[2017-01-08 14:32:09] EDIT DineWithMe/views/default/search.html: 1
[2017-01-08 14:33:21] EDIT DineWithMe/views/default/search.html: 0
[2017-01-08 14:34:16] EDIT DineWithMe/views/default/search.html: 0
[2017-01-08 14:34:44] EDIT DineWithMe/views/default/search.html: 0
[2017-01-08 14:34:52] EDIT DineWithMe/views/default/search.html: 0
[2017-01-08 14:35:46] EDIT DineWithMe/views/default/search.html: 0
[2017-01-08 14:36:00] EDIT DineWithMe/views/default/search.html: 0
[2017-01-08 14:36:17] EDIT DineWithMe/static/css/blended_layout.css: 0
[2017-01-08 14:36:19] EDIT DineWithMe/static/css/blended_layout.css: 0
[2017-01-08 14:36:45] EDIT DineWithMe/static/css/blended_layout.css: 2
[2017-01-08 14:36:53] EDIT DineWithMe/static/css/blended_layout.css: 1
[2017-01-08 14:38:11] EDIT DineWithMe/static/css/blended_layout.css: 1
[2017-01-08 14:38:31] EDIT DineWithMe/static/css/blended_layout.css: 0
[2017-01-08 14:38:43] EDIT DineWithMe/static/css/blended_layout.css: 0
[2017-01-08 14:39:01] EDIT DineWithMe/static/css/blended_layout.css: 1
[2017-01-08 14:39:13] EDIT DineWithMe/static/css/blended_layout.css: 0
[2017-01-08 14:39:24] EDIT DineWithMe/static/css/blended_layout.css: 0
[2017-01-08 14:39:53] EDIT DineWithMe/controllers/default.py: 0
[2017-01-08 14:39:59] EDIT DineWithMe/controllers/default.py: 0
[2017-01-08 14:40:10] EDIT DineWithMe/controllers/default.py: 0
[2017-01-08 14:40:32] EDIT DineWithMe/controllers/default.py: 1
[2017-01-08 14:40:50] EDIT DineWithMe/controllers/default.py: 0
[2017-01-08 14:40:54] EDIT DineWithMe/controllers/default.py: 0
[2017-01-08 14:41:09] EDIT DineWithMe/controllers/default.py: 0
[2017-01-08 14:41:26] EDIT DineWithMe/controllers/default.py: -1
[2017-01-08 14:41:50] EDIT DineWithMe/views/default/search.html: 1
[2017-01-08 14:56:37] EDIT DineWithMe/controllers/default.py: -2
[2017-01-08 15:19:24] EDIT DineWithMe/controllers/default.py: 1
[2017-01-08 15:19:38] EDIT DineWithMe/controllers/default.py: 0
[2017-01-08 15:20:34] EDIT DineWithMe/controllers/default.py: 0
[2017-01-08 15:21:51] EDIT DineWithMe/controllers/default.py: 0
[2017-01-08 15:21:54] EDIT DineWithMe/controllers/default.py: 0
[2017-01-08 15:22:22] EDIT DineWithMe/views/default/search.html: 2
[2017-01-08 15:22:43] EDIT DineWithMe/views/default/search.html: 17
[2017-01-08 15:22:47] EDIT DineWithMe/views/default/search.html: 0
[2017-01-08 15:23:20] EDIT DineWithMe/views/default/search.html: 0
[2017-01-08 15:23:45] EDIT DineWithMe/views/default/search.html: 0
[2017-01-08 15:24:10] EDIT DineWithMe/views/default/search.html: 0
[2017-01-08 15:24:15] EDIT DineWithMe/views/default/search.html: 0
[2017-01-08 15:24:28] EDIT DineWithMe/views/default/search.html: 0
[2017-01-08 15:25:29] EDIT DineWithMe/views/default/search.html: 0
[2017-01-08 15:25:49] EDIT DineWithMe/views/default/search.html: 0
[2017-01-08 15:26:20] EDIT DineWithMe/views/default/search.html: 0
[2017-01-08 15:27:38] EDIT DineWithMe/views/default/search.html: 4
[2017-01-08 15:28:16] EDIT DineWithMe/controllers/default.py: 0
[2017-01-08 15:29:25] EDIT DineWithMe/views/default/search.html: -15
[2017-01-08 15:32:01] EDIT DineWithMe/controllers/default.py: 0
[2017-01-08 15:32:11] EDIT DineWithMe/views/default/search.html: 17
[2017-01-08 15:32:14] EDIT DineWithMe/views/default/search.html: -4
[2017-01-08 15:32:36] EDIT DineWithMe/views/default/search.html: 0
[2017-01-08 15:32:38] EDIT DineWithMe/controllers/default.py: 0
[2017-01-08 15:33:02] EDIT DineWithMe/views/default/search.html: 0
[2017-01-08 15:33:27] EDIT DineWithMe/views/default/search.html: -2
[2017-01-08 15:33:47] EDIT DineWithMe/controllers/default.py: 0
[2017-01-08 15:35:20] EDIT DineWithMe/controllers/default.py: 0
[2017-01-08 15:37:52] EDIT DineWithMe/controllers/default.py: 2
[2017-01-08 15:38:02] EDIT DineWithMe/controllers/default.py: 0
[2017-01-08 15:38:15] EDIT DineWithMe/controllers/default.py: 0
[2017-01-08 15:39:03] EDIT DineWithMe/controllers/default.py: 2
[2017-01-08 15:39:08] EDIT DineWithMe/controllers/default.py: 0
[2017-01-08 15:39:14] EDIT DineWithMe/controllers/default.py: 0
[2017-01-08 15:40:06] EDIT DineWithMe/controllers/default.py: 0
[2017-01-08 15:40:38] EDIT DineWithMe/controllers/default.py: 0
[2017-01-08 15:41:32] EDIT DineWithMe/controllers/default.py: 0
[2017-01-08 15:42:42] EDIT DineWithMe/controllers/default.py: 1
[2017-01-08 15:43:29] EDIT DineWithMe/views/default/search.html: 0
[2017-01-08 15:43:59] EDIT DineWithMe/controllers/default.py: 1
[2017-01-08 15:44:10] EDIT DineWithMe/controllers/default.py: 1
[2017-01-08 15:44:30] EDIT DineWithMe/controllers/default.py: 0
[2017-01-08 15:44:52] EDIT DineWithMe/controllers/default.py: 0
[2017-01-08 15:45:18] EDIT DineWithMe/controllers/default.py: 0
[2017-01-08 15:45:35] EDIT DineWithMe/controllers/default.py: 0
[2017-01-08 15:45:49] EDIT DineWithMe/controllers/default.py: 0
[2017-01-08 15:46:05] EDIT DineWithMe/controllers/default.py: 0
[2017-01-08 15:46:19] EDIT DineWithMe/controllers/default.py: 0
[2017-01-08 15:46:46] EDIT DineWithMe/controllers/default.py: 3
[2017-01-08 15:47:59] EDIT DineWithMe/controllers/default.py: -1
[2017-01-08 15:48:29] EDIT DineWithMe/controllers/default.py: 0
[2017-01-08 15:48:48] EDIT DineWithMe/controllers/default.py: 0
[2017-01-08 15:48:52] EDIT DineWithMe/controllers/default.py: 0
[2017-01-08 15:49:51] EDIT DineWithMe/controllers/default.py: 0
[2017-01-08 15:51:18] EDIT DineWithMe/controllers/default.py: 0
[2017-01-08 15:51:25] EDIT DineWithMe/controllers/default.py: 0
[2017-01-08 15:51:41] EDIT DineWithMe/controllers/default.py: 0
[2017-01-08 15:51:56] EDIT DineWithMe/controllers/default.py: 0
[2017-01-08 15:54:36] EDIT DineWithMe/views/default/search.html: 0
[2017-01-08 15:54:56] EDIT DineWithMe/views/default/search.html: 0
[2017-01-08 15:55:40] EDIT DineWithMe/views/default/search.html: 0
[2017-01-08 15:56:16] EDIT DineWithMe/views/default/search.html: 0
[2017-01-08 15:56:39] EDIT DineWithMe/controllers/default.py: -5
[2017-01-08 15:56:49] EDIT DineWithMe/controllers/default.py: 0
[2017-01-08 16:06:40] EDIT DineWithMe/controllers/default.py: 0
[2017-01-08 16:07:40] EDIT DineWithMe/controllers/default.py: 0
[2017-01-08 16:08:36] EDIT DineWithMe/controllers/default.py: 1
[2017-01-08 16:09:07] EDIT DineWithMe/controllers/default.py: 1
[2017-01-08 16:09:12] EDIT DineWithMe/controllers/default.py: 0
[2017-01-08 16:11:43] EDIT DineWithMe/views/default/search.html: 0
[2017-01-08 16:15:00] EDIT DineWithMe/models/menu.py: 0
[2017-01-08 16:23:54] EDIT DineWithMe/controllers/default.py: 0
[2017-01-08 16:24:07] EDIT DineWithMe/controllers/default.py: 0
